<?xml version="1.0" encoding="UTF-8"?>
<testng-results skipped="0" failed="0" ignored="0" total="1" passed="1">
  <reporter-output>
  </reporter-output>
  <suite name="Default Suite" duration-ms="6544" started-at="2022-08-16T16:34:33 IST" finished-at="2022-08-16T16:34:39 IST">
    <groups>
      <group name="cucumber">
        <method signature="AbstractTestNGCucumberTests.runScenario(io.cucumber.testng.PickleWrapper,io.cucumber.testng.FeatureWrapper)[pri:0, instance:runner.TestRunner@71423665]" name="runScenario" class="io.cucumber.testng.AbstractTestNGCucumberTests"/>
      </group> <!-- cucumber -->
    </groups>
    <test name="herosUsercontrollerbdd" duration-ms="6544" started-at="2022-08-16T16:34:33 IST" finished-at="2022-08-16T16:34:39 IST">
      <class name="runner.TestRunner">
        <test-method status="PASS" signature="setUpClass()[pri:0, instance:runner.TestRunner@71423665]" name="setUpClass" is-config="true" duration-ms="959" started-at="2022-08-16T16:34:34 IST" finished-at="2022-08-16T16:34:35 IST">
          <reporter-output>
          </reporter-output>
        </test-method> <!-- setUpClass -->
        <test-method status="PASS" signature="runScenario(io.cucumber.testng.PickleWrapper,io.cucumber.testng.FeatureWrapper)[pri:0, instance:runner.TestRunner@71423665]" name="runScenario" duration-ms="3714" started-at="2022-08-16T16:34:35 IST" description="Runs Cucumber Scenarios" data-provider="scenarios" finished-at="2022-08-16T16:34:39 IST">
          <params>
            <param index="0">
              <value>
                <![CDATA["Verify multiple users are created"]]>
              </value>
            </param>
            <param index="1">
              <value>
                <![CDATA["Optional[User feature]"]]>
              </value>
            </param>
          </params>
          <reporter-output>
          </reporter-output>
        </test-method> <!-- runScenario -->
        <test-method status="PASS" signature="tearDownClass()[pri:0, instance:runner.TestRunner@71423665]" name="tearDownClass" is-config="true" duration-ms="220" started-at="2022-08-16T16:34:39 IST" finished-at="2022-08-16T16:34:39 IST">
          <reporter-output>
          </reporter-output>
        </test-method> <!-- tearDownClass -->
      </class> <!-- runner.TestRunner -->
    </test> <!-- herosUsercontrollerbdd -->
  </suite> <!-- Default Suite -->
</testng-results>
